<?xml version="1.0" encoding="UTF-8"?>
<testsuite xmlns:xsi="http://www.w3.org/2001/XMLSchema-instance" xsi:noNamespaceSchemaLocation="https://maven.apache.org/surefire/maven-surefire-plugin/xsd/surefire-test-report.xsd" name="com.zcl.healthcare.HealthCareApplicationTests" time="20.102" tests="1" errors="0" skipped="0" failures="0">
  <properties>
    <property name="gopherProxySet" value="false"/>
    <property name="awt.toolkit" value="sun.lwawt.macosx.LWCToolkit"/>
    <property name="file.encoding.pkg" value="sun.io"/>
    <property name="java.specification.version" value="1.8"/>
    <property name="sun.cpu.isalist" value=""/>
    <property name="sun.jnu.encoding" value="UTF-8"/>
    <property name="java.class.path" value="/Users/changliang/codes/JavaProject/health-care/target/test-classes:/Users/changliang/codes/JavaProject/health-care/target/classes:/Users/changliang/codes/mavenRepository/org/springframework/boot/spring-boot-starter-actuator/2.2.7.RELEASE/spring-boot-starter-actuator-2.2.7.RELEASE.jar:/Users/changliang/codes/mavenRepository/org/springframework/boot/spring-boot-starter/2.2.7.RELEASE/spring-boot-starter-2.2.7.RELEASE.jar:/Users/changliang/codes/mavenRepository/org/springframework/boot/spring-boot-starter-logging/2.2.7.RELEASE/spring-boot-starter-logging-2.2.7.RELEASE.jar:/Users/changliang/codes/mavenRepository/ch/qos/logback/logback-classic/1.2.3/logback-classic-1.2.3.jar:/Users/changliang/codes/mavenRepository/ch/qos/logback/logback-core/1.2.3/logback-core-1.2.3.jar:/Users/changliang/codes/mavenRepository/org/apache/logging/log4j/log4j-to-slf4j/2.12.1/log4j-to-slf4j-2.12.1.jar:/Users/changliang/codes/mavenRepository/org/apache/logging/log4j/log4j-api/2.12.1/log4j-api-2.12.1.jar:/Users/changliang/codes/mavenRepository/org/slf4j/jul-to-slf4j/1.7.30/jul-to-slf4j-1.7.30.jar:/Users/changliang/codes/mavenRepository/jakarta/annotation/jakarta.annotation-api/1.3.5/jakarta.annotation-api-1.3.5.jar:/Users/changliang/codes/mavenRepository/org/yaml/snakeyaml/1.25/snakeyaml-1.25.jar:/Users/changliang/codes/mavenRepository/org/springframework/boot/spring-boot-actuator-autoconfigure/2.2.7.RELEASE/spring-boot-actuator-autoconfigure-2.2.7.RELEASE.jar:/Users/changliang/codes/mavenRepository/org/springframework/boot/spring-boot-actuator/2.2.7.RELEASE/spring-boot-actuator-2.2.7.RELEASE.jar:/Users/changliang/codes/mavenRepository/org/springframework/spring-context/5.2.6.RELEASE/spring-context-5.2.6.RELEASE.jar:/Users/changliang/codes/mavenRepository/io/micrometer/micrometer-core/1.3.8/micrometer-core-1.3.8.jar:/Users/changliang/codes/mavenRepository/org/hdrhistogram/HdrHistogram/2.1.11/HdrHistogram-2.1.11.jar:/Users/changliang/codes/mavenRepository/org/latencyutils/LatencyUtils/2.0.3/LatencyUtils-2.0.3.jar:/Users/changliang/codes/mavenRepository/org/springframework/boot/spring-boot-starter-web/2.2.7.RELEASE/spring-boot-starter-web-2.2.7.RELEASE.jar:/Users/changliang/codes/mavenRepository/org/springframework/boot/spring-boot-starter-tomcat/2.2.7.RELEASE/spring-boot-starter-tomcat-2.2.7.RELEASE.jar:/Users/changliang/codes/mavenRepository/org/apache/tomcat/embed/tomcat-embed-core/9.0.34/tomcat-embed-core-9.0.34.jar:/Users/changliang/codes/mavenRepository/org/apache/tomcat/embed/tomcat-embed-el/9.0.34/tomcat-embed-el-9.0.34.jar:/Users/changliang/codes/mavenRepository/org/apache/tomcat/embed/tomcat-embed-websocket/9.0.34/tomcat-embed-websocket-9.0.34.jar:/Users/changliang/codes/mavenRepository/org/springframework/boot/spring-boot-starter-validation/2.2.7.RELEASE/spring-boot-starter-validation-2.2.7.RELEASE.jar:/Users/changliang/codes/mavenRepository/jakarta/validation/jakarta.validation-api/2.0.2/jakarta.validation-api-2.0.2.jar:/Users/changliang/codes/mavenRepository/org/hibernate/validator/hibernate-validator/6.0.19.Final/hibernate-validator-6.0.19.Final.jar:/Users/changliang/codes/mavenRepository/org/jboss/logging/jboss-logging/3.4.1.Final/jboss-logging-3.4.1.Final.jar:/Users/changliang/codes/mavenRepository/com/fasterxml/classmate/1.5.1/classmate-1.5.1.jar:/Users/changliang/codes/mavenRepository/org/springframework/spring-web/5.2.6.RELEASE/spring-web-5.2.6.RELEASE.jar:/Users/changliang/codes/mavenRepository/org/springframework/spring-beans/5.2.6.RELEASE/spring-beans-5.2.6.RELEASE.jar:/Users/changliang/codes/mavenRepository/org/springframework/spring-webmvc/5.2.6.RELEASE/spring-webmvc-5.2.6.RELEASE.jar:/Users/changliang/codes/mavenRepository/org/springframework/spring-aop/5.2.6.RELEASE/spring-aop-5.2.6.RELEASE.jar:/Users/changliang/codes/mavenRepository/org/springframework/spring-expression/5.2.6.RELEASE/spring-expression-5.2.6.RELEASE.jar:/Users/changliang/codes/mavenRepository/org/springframework/boot/spring-boot-starter-json/2.0.3.RELEASE/spring-boot-starter-json-2.0.3.RELEASE.jar:/Users/changliang/codes/mavenRepository/com/fasterxml/jackson/core/jackson-databind/2.10.4/jackson-databind-2.10.4.jar:/Users/changliang/codes/mavenRepository/com/fasterxml/jackson/core/jackson-annotations/2.10.4/jackson-annotations-2.10.4.jar:/Users/changliang/codes/mavenRepository/com/fasterxml/jackson/core/jackson-core/2.10.4/jackson-core-2.10.4.jar:/Users/changliang/codes/mavenRepository/com/fasterxml/jackson/datatype/jackson-datatype-jdk8/2.10.4/jackson-datatype-jdk8-2.10.4.jar:/Users/changliang/codes/mavenRepository/com/fasterxml/jackson/datatype/jackson-datatype-jsr310/2.10.4/jackson-datatype-jsr310-2.10.4.jar:/Users/changliang/codes/mavenRepository/com/fasterxml/jackson/module/jackson-module-parameter-names/2.10.4/jackson-module-parameter-names-2.10.4.jar:/Users/changliang/codes/mavenRepository/org/springframework/boot/spring-boot-starter-web-services/2.2.7.RELEASE/spring-boot-starter-web-services-2.2.7.RELEASE.jar:/Users/changliang/codes/mavenRepository/com/sun/xml/messaging/saaj/saaj-impl/1.5.2/saaj-impl-1.5.2.jar:/Users/changliang/codes/mavenRepository/jakarta/xml/soap/jakarta.xml.soap-api/1.4.2/jakarta.xml.soap-api-1.4.2.jar:/Users/changliang/codes/mavenRepository/org/jvnet/staxex/stax-ex/1.8.3/stax-ex-1.8.3.jar:/Users/changliang/codes/mavenRepository/com/sun/activation/jakarta.activation/1.2.2/jakarta.activation-1.2.2.jar:/Users/changliang/codes/mavenRepository/jakarta/xml/ws/jakarta.xml.ws-api/2.3.3/jakarta.xml.ws-api-2.3.3.jar:/Users/changliang/codes/mavenRepository/jakarta/jws/jakarta.jws-api/2.1.0/jakarta.jws-api-2.1.0.jar:/Users/changliang/codes/mavenRepository/org/springframework/spring-oxm/5.2.6.RELEASE/spring-oxm-5.2.6.RELEASE.jar:/Users/changliang/codes/mavenRepository/org/springframework/ws/spring-ws-core/3.0.9.RELEASE/spring-ws-core-3.0.9.RELEASE.jar:/Users/changliang/codes/mavenRepository/org/springframework/ws/spring-xml/3.0.9.RELEASE/spring-xml-3.0.9.RELEASE.jar:/Users/changliang/codes/mavenRepository/org/mybatis/spring/boot/mybatis-spring-boot-starter/2.1.2/mybatis-spring-boot-starter-2.1.2.jar:/Users/changliang/codes/mavenRepository/org/springframework/boot/spring-boot-starter-jdbc/2.2.7.RELEASE/spring-boot-starter-jdbc-2.2.7.RELEASE.jar:/Users/changliang/codes/mavenRepository/com/zaxxer/HikariCP/3.4.3/HikariCP-3.4.3.jar:/Users/changliang/codes/mavenRepository/org/springframework/spring-jdbc/5.2.6.RELEASE/spring-jdbc-5.2.6.RELEASE.jar:/Users/changliang/codes/mavenRepository/org/springframework/spring-tx/5.2.6.RELEASE/spring-tx-5.2.6.RELEASE.jar:/Users/changliang/codes/mavenRepository/org/mybatis/spring/boot/mybatis-spring-boot-autoconfigure/2.1.2/mybatis-spring-boot-autoconfigure-2.1.2.jar:/Users/changliang/codes/mavenRepository/org/mybatis/mybatis/3.5.4/mybatis-3.5.4.jar:/Users/changliang/codes/mavenRepository/org/mybatis/mybatis-spring/2.0.4/mybatis-spring-2.0.4.jar:/Users/changliang/codes/mavenRepository/org/springframework/session/spring-session-core/2.2.2.RELEASE/spring-session-core-2.2.2.RELEASE.jar:/Users/changliang/codes/mavenRepository/org/springframework/spring-jcl/5.2.6.RELEASE/spring-jcl-5.2.6.RELEASE.jar:/Users/changliang/codes/mavenRepository/org/springframework/boot/spring-boot-devtools/2.2.7.RELEASE/spring-boot-devtools-2.2.7.RELEASE.jar:/Users/changliang/codes/mavenRepository/org/springframework/boot/spring-boot/2.2.7.RELEASE/spring-boot-2.2.7.RELEASE.jar:/Users/changliang/codes/mavenRepository/org/springframework/boot/spring-boot-autoconfigure/2.2.7.RELEASE/spring-boot-autoconfigure-2.2.7.RELEASE.jar:/Users/changliang/codes/mavenRepository/mysql/mysql-connector-java/8.0.20/mysql-connector-java-8.0.20.jar:/Users/changliang/codes/mavenRepository/org/springframework/boot/spring-boot-configuration-processor/2.2.7.RELEASE/spring-boot-configuration-processor-2.2.7.RELEASE.jar:/Users/changliang/codes/mavenRepository/org/springframework/boot/spring-boot-starter-test/2.2.7.RELEASE/spring-boot-starter-test-2.2.7.RELEASE.jar:/Users/changliang/codes/mavenRepository/org/springframework/boot/spring-boot-test/2.2.7.RELEASE/spring-boot-test-2.2.7.RELEASE.jar:/Users/changliang/codes/mavenRepository/org/springframework/boot/spring-boot-test-autoconfigure/2.2.7.RELEASE/spring-boot-test-autoconfigure-2.2.7.RELEASE.jar:/Users/changliang/codes/mavenRepository/com/jayway/jsonpath/json-path/2.4.0/json-path-2.4.0.jar:/Users/changliang/codes/mavenRepository/net/minidev/json-smart/2.3/json-smart-2.3.jar:/Users/changliang/codes/mavenRepository/net/minidev/accessors-smart/1.2/accessors-smart-1.2.jar:/Users/changliang/codes/mavenRepository/org/ow2/asm/asm/5.0.4/asm-5.0.4.jar:/Users/changliang/codes/mavenRepository/org/slf4j/slf4j-api/1.7.30/slf4j-api-1.7.30.jar:/Users/changliang/codes/mavenRepository/jakarta/xml/bind/jakarta.xml.bind-api/2.3.3/jakarta.xml.bind-api-2.3.3.jar:/Users/changliang/codes/mavenRepository/jakarta/activation/jakarta.activation-api/1.2.2/jakarta.activation-api-1.2.2.jar:/Users/changliang/codes/mavenRepository/org/junit/jupiter/junit-jupiter/5.5.2/junit-jupiter-5.5.2.jar:/Users/changliang/codes/mavenRepository/org/junit/jupiter/junit-jupiter-api/5.5.2/junit-jupiter-api-5.5.2.jar:/Users/changliang/codes/mavenRepository/org/apiguardian/apiguardian-api/1.1.0/apiguardian-api-1.1.0.jar:/Users/changliang/codes/mavenRepository/org/opentest4j/opentest4j/1.2.0/opentest4j-1.2.0.jar:/Users/changliang/codes/mavenRepository/org/junit/platform/junit-platform-commons/1.5.2/junit-platform-commons-1.5.2.jar:/Users/changliang/codes/mavenRepository/org/junit/jupiter/junit-jupiter-params/5.5.2/junit-jupiter-params-5.5.2.jar:/Users/changliang/codes/mavenRepository/org/junit/jupiter/junit-jupiter-engine/5.5.2/junit-jupiter-engine-5.5.2.jar:/Users/changliang/codes/mavenRepository/org/junit/platform/junit-platform-engine/1.5.2/junit-platform-engine-1.5.2.jar:/Users/changliang/codes/mavenRepository/org/mockito/mockito-junit-jupiter/3.1.0/mockito-junit-jupiter-3.1.0.jar:/Users/changliang/codes/mavenRepository/org/assertj/assertj-core/3.13.2/assertj-core-3.13.2.jar:/Users/changliang/codes/mavenRepository/org/hamcrest/hamcrest/2.1/hamcrest-2.1.jar:/Users/changliang/codes/mavenRepository/org/mockito/mockito-core/3.1.0/mockito-core-3.1.0.jar:/Users/changliang/codes/mavenRepository/net/bytebuddy/byte-buddy/1.10.10/byte-buddy-1.10.10.jar:/Users/changliang/codes/mavenRepository/net/bytebuddy/byte-buddy-agent/1.10.10/byte-buddy-agent-1.10.10.jar:/Users/changliang/codes/mavenRepository/org/objenesis/objenesis/2.6/objenesis-2.6.jar:/Users/changliang/codes/mavenRepository/org/skyscreamer/jsonassert/1.5.0/jsonassert-1.5.0.jar:/Users/changliang/codes/mavenRepository/com/vaadin/external/google/android-json/0.0.20131108.vaadin1/android-json-0.0.20131108.vaadin1.jar:/Users/changliang/codes/mavenRepository/org/springframework/spring-core/5.2.6.RELEASE/spring-core-5.2.6.RELEASE.jar:/Users/changliang/codes/mavenRepository/org/springframework/spring-test/5.2.6.RELEASE/spring-test-5.2.6.RELEASE.jar:/Users/changliang/codes/mavenRepository/org/xmlunit/xmlunit-core/2.6.4/xmlunit-core-2.6.4.jar:/Users/changliang/codes/mavenRepository/org/apache/httpcomponents/httpclient/4.5.6/httpclient-4.5.6.jar:/Users/changliang/codes/mavenRepository/org/apache/httpcomponents/httpcore/4.4.13/httpcore-4.4.13.jar:/Users/changliang/codes/mavenRepository/commons-codec/commons-codec/1.13/commons-codec-1.13.jar:/Users/changliang/codes/mavenRepository/com/alibaba/fastjson/1.2.7/fastjson-1.2.7.jar:"/>
    <property name="java.vm.vendor" value="Oracle Corporation"/>
    <property name="sun.arch.data.model" value="64"/>
    <property name="java.vendor.url" value="http://java.oracle.com/"/>
    <property name="user.timezone" value=""/>
    <property name="java.vm.specification.version" value="1.8"/>
    <property name="os.name" value="Mac OS X"/>
    <property name="user.country" value="CN"/>
    <property name="sun.java.launcher" value="SUN_STANDARD"/>
    <property name="sun.boot.library.path" value="/Library/Java/JavaVirtualMachines/jdk1.8.0_261.jdk/Contents/Home/jre/lib"/>
    <property name="sun.java.command" value="/Users/changliang/codes/JavaProject/health-care/target/surefire/surefirebooter3632886858626640952.jar /Users/changliang/codes/JavaProject/health-care/target/surefire 2021-01-15T22-09-26_393-jvmRun1 surefire5363368148739574265tmp surefire_03056662245900554353tmp"/>
    <property name="http.nonProxyHosts" value="local|*.local|169.254/16|*.169.254/16"/>
    <property name="surefire.test.class.path" value="/Users/changliang/codes/JavaProject/health-care/target/test-classes:/Users/changliang/codes/JavaProject/health-care/target/classes:/Users/changliang/codes/mavenRepository/org/springframework/boot/spring-boot-starter-actuator/2.2.7.RELEASE/spring-boot-starter-actuator-2.2.7.RELEASE.jar:/Users/changliang/codes/mavenRepository/org/springframework/boot/spring-boot-starter/2.2.7.RELEASE/spring-boot-starter-2.2.7.RELEASE.jar:/Users/changliang/codes/mavenRepository/org/springframework/boot/spring-boot-starter-logging/2.2.7.RELEASE/spring-boot-starter-logging-2.2.7.RELEASE.jar:/Users/changliang/codes/mavenRepository/ch/qos/logback/logback-classic/1.2.3/logback-classic-1.2.3.jar:/Users/changliang/codes/mavenRepository/ch/qos/logback/logback-core/1.2.3/logback-core-1.2.3.jar:/Users/changliang/codes/mavenRepository/org/apache/logging/log4j/log4j-to-slf4j/2.12.1/log4j-to-slf4j-2.12.1.jar:/Users/changliang/codes/mavenRepository/org/apache/logging/log4j/log4j-api/2.12.1/log4j-api-2.12.1.jar:/Users/changliang/codes/mavenRepository/org/slf4j/jul-to-slf4j/1.7.30/jul-to-slf4j-1.7.30.jar:/Users/changliang/codes/mavenRepository/jakarta/annotation/jakarta.annotation-api/1.3.5/jakarta.annotation-api-1.3.5.jar:/Users/changliang/codes/mavenRepository/org/yaml/snakeyaml/1.25/snakeyaml-1.25.jar:/Users/changliang/codes/mavenRepository/org/springframework/boot/spring-boot-actuator-autoconfigure/2.2.7.RELEASE/spring-boot-actuator-autoconfigure-2.2.7.RELEASE.jar:/Users/changliang/codes/mavenRepository/org/springframework/boot/spring-boot-actuator/2.2.7.RELEASE/spring-boot-actuator-2.2.7.RELEASE.jar:/Users/changliang/codes/mavenRepository/org/springframework/spring-context/5.2.6.RELEASE/spring-context-5.2.6.RELEASE.jar:/Users/changliang/codes/mavenRepository/io/micrometer/micrometer-core/1.3.8/micrometer-core-1.3.8.jar:/Users/changliang/codes/mavenRepository/org/hdrhistogram/HdrHistogram/2.1.11/HdrHistogram-2.1.11.jar:/Users/changliang/codes/mavenRepository/org/latencyutils/LatencyUtils/2.0.3/LatencyUtils-2.0.3.jar:/Users/changliang/codes/mavenRepository/org/springframework/boot/spring-boot-starter-web/2.2.7.RELEASE/spring-boot-starter-web-2.2.7.RELEASE.jar:/Users/changliang/codes/mavenRepository/org/springframework/boot/spring-boot-starter-tomcat/2.2.7.RELEASE/spring-boot-starter-tomcat-2.2.7.RELEASE.jar:/Users/changliang/codes/mavenRepository/org/apache/tomcat/embed/tomcat-embed-core/9.0.34/tomcat-embed-core-9.0.34.jar:/Users/changliang/codes/mavenRepository/org/apache/tomcat/embed/tomcat-embed-el/9.0.34/tomcat-embed-el-9.0.34.jar:/Users/changliang/codes/mavenRepository/org/apache/tomcat/embed/tomcat-embed-websocket/9.0.34/tomcat-embed-websocket-9.0.34.jar:/Users/changliang/codes/mavenRepository/org/springframework/boot/spring-boot-starter-validation/2.2.7.RELEASE/spring-boot-starter-validation-2.2.7.RELEASE.jar:/Users/changliang/codes/mavenRepository/jakarta/validation/jakarta.validation-api/2.0.2/jakarta.validation-api-2.0.2.jar:/Users/changliang/codes/mavenRepository/org/hibernate/validator/hibernate-validator/6.0.19.Final/hibernate-validator-6.0.19.Final.jar:/Users/changliang/codes/mavenRepository/org/jboss/logging/jboss-logging/3.4.1.Final/jboss-logging-3.4.1.Final.jar:/Users/changliang/codes/mavenRepository/com/fasterxml/classmate/1.5.1/classmate-1.5.1.jar:/Users/changliang/codes/mavenRepository/org/springframework/spring-web/5.2.6.RELEASE/spring-web-5.2.6.RELEASE.jar:/Users/changliang/codes/mavenRepository/org/springframework/spring-beans/5.2.6.RELEASE/spring-beans-5.2.6.RELEASE.jar:/Users/changliang/codes/mavenRepository/org/springframework/spring-webmvc/5.2.6.RELEASE/spring-webmvc-5.2.6.RELEASE.jar:/Users/changliang/codes/mavenRepository/org/springframework/spring-aop/5.2.6.RELEASE/spring-aop-5.2.6.RELEASE.jar:/Users/changliang/codes/mavenRepository/org/springframework/spring-expression/5.2.6.RELEASE/spring-expression-5.2.6.RELEASE.jar:/Users/changliang/codes/mavenRepository/org/springframework/boot/spring-boot-starter-json/2.0.3.RELEASE/spring-boot-starter-json-2.0.3.RELEASE.jar:/Users/changliang/codes/mavenRepository/com/fasterxml/jackson/core/jackson-databind/2.10.4/jackson-databind-2.10.4.jar:/Users/changliang/codes/mavenRepository/com/fasterxml/jackson/core/jackson-annotations/2.10.4/jackson-annotations-2.10.4.jar:/Users/changliang/codes/mavenRepository/com/fasterxml/jackson/core/jackson-core/2.10.4/jackson-core-2.10.4.jar:/Users/changliang/codes/mavenRepository/com/fasterxml/jackson/datatype/jackson-datatype-jdk8/2.10.4/jackson-datatype-jdk8-2.10.4.jar:/Users/changliang/codes/mavenRepository/com/fasterxml/jackson/datatype/jackson-datatype-jsr310/2.10.4/jackson-datatype-jsr310-2.10.4.jar:/Users/changliang/codes/mavenRepository/com/fasterxml/jackson/module/jackson-module-parameter-names/2.10.4/jackson-module-parameter-names-2.10.4.jar:/Users/changliang/codes/mavenRepository/org/springframework/boot/spring-boot-starter-web-services/2.2.7.RELEASE/spring-boot-starter-web-services-2.2.7.RELEASE.jar:/Users/changliang/codes/mavenRepository/com/sun/xml/messaging/saaj/saaj-impl/1.5.2/saaj-impl-1.5.2.jar:/Users/changliang/codes/mavenRepository/jakarta/xml/soap/jakarta.xml.soap-api/1.4.2/jakarta.xml.soap-api-1.4.2.jar:/Users/changliang/codes/mavenRepository/org/jvnet/staxex/stax-ex/1.8.3/stax-ex-1.8.3.jar:/Users/changliang/codes/mavenRepository/com/sun/activation/jakarta.activation/1.2.2/jakarta.activation-1.2.2.jar:/Users/changliang/codes/mavenRepository/jakarta/xml/ws/jakarta.xml.ws-api/2.3.3/jakarta.xml.ws-api-2.3.3.jar:/Users/changliang/codes/mavenRepository/jakarta/jws/jakarta.jws-api/2.1.0/jakarta.jws-api-2.1.0.jar:/Users/changliang/codes/mavenRepository/org/springframework/spring-oxm/5.2.6.RELEASE/spring-oxm-5.2.6.RELEASE.jar:/Users/changliang/codes/mavenRepository/org/springframework/ws/spring-ws-core/3.0.9.RELEASE/spring-ws-core-3.0.9.RELEASE.jar:/Users/changliang/codes/mavenRepository/org/springframework/ws/spring-xml/3.0.9.RELEASE/spring-xml-3.0.9.RELEASE.jar:/Users/changliang/codes/mavenRepository/org/mybatis/spring/boot/mybatis-spring-boot-starter/2.1.2/mybatis-spring-boot-starter-2.1.2.jar:/Users/changliang/codes/mavenRepository/org/springframework/boot/spring-boot-starter-jdbc/2.2.7.RELEASE/spring-boot-starter-jdbc-2.2.7.RELEASE.jar:/Users/changliang/codes/mavenRepository/com/zaxxer/HikariCP/3.4.3/HikariCP-3.4.3.jar:/Users/changliang/codes/mavenRepository/org/springframework/spring-jdbc/5.2.6.RELEASE/spring-jdbc-5.2.6.RELEASE.jar:/Users/changliang/codes/mavenRepository/org/springframework/spring-tx/5.2.6.RELEASE/spring-tx-5.2.6.RELEASE.jar:/Users/changliang/codes/mavenRepository/org/mybatis/spring/boot/mybatis-spring-boot-autoconfigure/2.1.2/mybatis-spring-boot-autoconfigure-2.1.2.jar:/Users/changliang/codes/mavenRepository/org/mybatis/mybatis/3.5.4/mybatis-3.5.4.jar:/Users/changliang/codes/mavenRepository/org/mybatis/mybatis-spring/2.0.4/mybatis-spring-2.0.4.jar:/Users/changliang/codes/mavenRepository/org/springframework/session/spring-session-core/2.2.2.RELEASE/spring-session-core-2.2.2.RELEASE.jar:/Users/changliang/codes/mavenRepository/org/springframework/spring-jcl/5.2.6.RELEASE/spring-jcl-5.2.6.RELEASE.jar:/Users/changliang/codes/mavenRepository/org/springframework/boot/spring-boot-devtools/2.2.7.RELEASE/spring-boot-devtools-2.2.7.RELEASE.jar:/Users/changliang/codes/mavenRepository/org/springframework/boot/spring-boot/2.2.7.RELEASE/spring-boot-2.2.7.RELEASE.jar:/Users/changliang/codes/mavenRepository/org/springframework/boot/spring-boot-autoconfigure/2.2.7.RELEASE/spring-boot-autoconfigure-2.2.7.RELEASE.jar:/Users/changliang/codes/mavenRepository/mysql/mysql-connector-java/8.0.20/mysql-connector-java-8.0.20.jar:/Users/changliang/codes/mavenRepository/org/springframework/boot/spring-boot-configuration-processor/2.2.7.RELEASE/spring-boot-configuration-processor-2.2.7.RELEASE.jar:/Users/changliang/codes/mavenRepository/org/springframework/boot/spring-boot-starter-test/2.2.7.RELEASE/spring-boot-starter-test-2.2.7.RELEASE.jar:/Users/changliang/codes/mavenRepository/org/springframework/boot/spring-boot-test/2.2.7.RELEASE/spring-boot-test-2.2.7.RELEASE.jar:/Users/changliang/codes/mavenRepository/org/springframework/boot/spring-boot-test-autoconfigure/2.2.7.RELEASE/spring-boot-test-autoconfigure-2.2.7.RELEASE.jar:/Users/changliang/codes/mavenRepository/com/jayway/jsonpath/json-path/2.4.0/json-path-2.4.0.jar:/Users/changliang/codes/mavenRepository/net/minidev/json-smart/2.3/json-smart-2.3.jar:/Users/changliang/codes/mavenRepository/net/minidev/accessors-smart/1.2/accessors-smart-1.2.jar:/Users/changliang/codes/mavenRepository/org/ow2/asm/asm/5.0.4/asm-5.0.4.jar:/Users/changliang/codes/mavenRepository/org/slf4j/slf4j-api/1.7.30/slf4j-api-1.7.30.jar:/Users/changliang/codes/mavenRepository/jakarta/xml/bind/jakarta.xml.bind-api/2.3.3/jakarta.xml.bind-api-2.3.3.jar:/Users/changliang/codes/mavenRepository/jakarta/activation/jakarta.activation-api/1.2.2/jakarta.activation-api-1.2.2.jar:/Users/changliang/codes/mavenRepository/org/junit/jupiter/junit-jupiter/5.5.2/junit-jupiter-5.5.2.jar:/Users/changliang/codes/mavenRepository/org/junit/jupiter/junit-jupiter-api/5.5.2/junit-jupiter-api-5.5.2.jar:/Users/changliang/codes/mavenRepository/org/apiguardian/apiguardian-api/1.1.0/apiguardian-api-1.1.0.jar:/Users/changliang/codes/mavenRepository/org/opentest4j/opentest4j/1.2.0/opentest4j-1.2.0.jar:/Users/changliang/codes/mavenRepository/org/junit/platform/junit-platform-commons/1.5.2/junit-platform-commons-1.5.2.jar:/Users/changliang/codes/mavenRepository/org/junit/jupiter/junit-jupiter-params/5.5.2/junit-jupiter-params-5.5.2.jar:/Users/changliang/codes/mavenRepository/org/junit/jupiter/junit-jupiter-engine/5.5.2/junit-jupiter-engine-5.5.2.jar:/Users/changliang/codes/mavenRepository/org/junit/platform/junit-platform-engine/1.5.2/junit-platform-engine-1.5.2.jar:/Users/changliang/codes/mavenRepository/org/mockito/mockito-junit-jupiter/3.1.0/mockito-junit-jupiter-3.1.0.jar:/Users/changliang/codes/mavenRepository/org/assertj/assertj-core/3.13.2/assertj-core-3.13.2.jar:/Users/changliang/codes/mavenRepository/org/hamcrest/hamcrest/2.1/hamcrest-2.1.jar:/Users/changliang/codes/mavenRepository/org/mockito/mockito-core/3.1.0/mockito-core-3.1.0.jar:/Users/changliang/codes/mavenRepository/net/bytebuddy/byte-buddy/1.10.10/byte-buddy-1.10.10.jar:/Users/changliang/codes/mavenRepository/net/bytebuddy/byte-buddy-agent/1.10.10/byte-buddy-agent-1.10.10.jar:/Users/changliang/codes/mavenRepository/org/objenesis/objenesis/2.6/objenesis-2.6.jar:/Users/changliang/codes/mavenRepository/org/skyscreamer/jsonassert/1.5.0/jsonassert-1.5.0.jar:/Users/changliang/codes/mavenRepository/com/vaadin/external/google/android-json/0.0.20131108.vaadin1/android-json-0.0.20131108.vaadin1.jar:/Users/changliang/codes/mavenRepository/org/springframework/spring-core/5.2.6.RELEASE/spring-core-5.2.6.RELEASE.jar:/Users/changliang/codes/mavenRepository/org/springframework/spring-test/5.2.6.RELEASE/spring-test-5.2.6.RELEASE.jar:/Users/changliang/codes/mavenRepository/org/xmlunit/xmlunit-core/2.6.4/xmlunit-core-2.6.4.jar:/Users/changliang/codes/mavenRepository/org/apache/httpcomponents/httpclient/4.5.6/httpclient-4.5.6.jar:/Users/changliang/codes/mavenRepository/org/apache/httpcomponents/httpcore/4.4.13/httpcore-4.4.13.jar:/Users/changliang/codes/mavenRepository/commons-codec/commons-codec/1.13/commons-codec-1.13.jar:/Users/changliang/codes/mavenRepository/com/alibaba/fastjson/1.2.7/fastjson-1.2.7.jar:"/>
    <property name="sun.cpu.endian" value="little"/>
    <property name="user.home" value="/Users/changliang"/>
    <property name="user.language" value="zh"/>
    <property name="java.specification.vendor" value="Oracle Corporation"/>
    <property name="java.home" value="/Library/Java/JavaVirtualMachines/jdk1.8.0_261.jdk/Contents/Home/jre"/>
    <property name="basedir" value="/Users/changliang/codes/JavaProject/health-care"/>
    <property name="file.separator" value="/"/>
    <property name="line.separator" value="&#10;"/>
    <property name="java.vm.specification.vendor" value="Oracle Corporation"/>
    <property name="java.specification.name" value="Java Platform API Specification"/>
    <property name="java.awt.graphicsenv" value="sun.awt.CGraphicsEnvironment"/>
    <property name="surefire.real.class.path" value="/Users/changliang/codes/JavaProject/health-care/target/surefire/surefirebooter3632886858626640952.jar"/>
    <property name="sun.boot.class.path" value="/Library/Java/JavaVirtualMachines/jdk1.8.0_261.jdk/Contents/Home/jre/lib/resources.jar:/Library/Java/JavaVirtualMachines/jdk1.8.0_261.jdk/Contents/Home/jre/lib/rt.jar:/Library/Java/JavaVirtualMachines/jdk1.8.0_261.jdk/Contents/Home/jre/lib/sunrsasign.jar:/Library/Java/JavaVirtualMachines/jdk1.8.0_261.jdk/Contents/Home/jre/lib/jsse.jar:/Library/Java/JavaVirtualMachines/jdk1.8.0_261.jdk/Contents/Home/jre/lib/jce.jar:/Library/Java/JavaVirtualMachines/jdk1.8.0_261.jdk/Contents/Home/jre/lib/charsets.jar:/Library/Java/JavaVirtualMachines/jdk1.8.0_261.jdk/Contents/Home/jre/lib/jfr.jar:/Library/Java/JavaVirtualMachines/jdk1.8.0_261.jdk/Contents/Home/jre/classes"/>
    <property name="sun.management.compiler" value="HotSpot 64-Bit Tiered Compilers"/>
    <property name="ftp.nonProxyHosts" value="local|*.local|169.254/16|*.169.254/16"/>
    <property name="java.runtime.version" value="1.8.0_261-b12"/>
    <property name="user.name" value="changliang"/>
    <property name="path.separator" value=":"/>
    <property name="os.version" value="10.16"/>
    <property name="java.endorsed.dirs" value="/Library/Java/JavaVirtualMachines/jdk1.8.0_261.jdk/Contents/Home/jre/lib/endorsed"/>
    <property name="java.runtime.name" value="Java(TM) SE Runtime Environment"/>
    <property name="file.encoding" value="UTF-8"/>
    <property name="java.vm.name" value="Java HotSpot(TM) 64-Bit Server VM"/>
    <property name="localRepository" value="/Users/changliang/codes/mavenRepository"/>
    <property name="java.vendor.url.bug" value="http://bugreport.sun.com/bugreport/"/>
    <property name="java.io.tmpdir" value="/var/folders/lz/w32l5qbx3_x1kwtsgng1swl00000gn/T/"/>
    <property name="idea.version" value="2020.2.3"/>
    <property name="java.version" value="1.8.0_261"/>
    <property name="user.dir" value="/Users/changliang/codes/JavaProject/health-care"/>
    <property name="os.arch" value="x86_64"/>
    <property name="java.vm.specification.name" value="Java Virtual Machine Specification"/>
    <property name="java.awt.printerjob" value="sun.lwawt.macosx.CPrinterJob"/>
    <property name="sun.os.patch.level" value="unknown"/>
    <property name="java.library.path" value="/Users/changliang/Library/Java/Extensions:/Library/Java/Extensions:/Network/Library/Java/Extensions:/System/Library/Java/Extensions:/usr/lib/java:."/>
    <property name="java.vm.info" value="mixed mode"/>
    <property name="java.vendor" value="Oracle Corporation"/>
    <property name="java.vm.version" value="25.261-b12"/>
    <property name="java.ext.dirs" value="/Users/changliang/Library/Java/Extensions:/Library/Java/JavaVirtualMachines/jdk1.8.0_261.jdk/Contents/Home/jre/lib/ext:/Library/Java/Extensions:/Network/Library/Java/Extensions:/System/Library/Java/Extensions:/usr/lib/java"/>
    <property name="sun.io.unicode.encoding" value="UnicodeBig"/>
    <property name="maven.repo.local" value="/Users/changliang/codes/mavenRepository"/>
    <property name="java.class.version" value="52.0"/>
    <property name="socksNonProxyHosts" value="local|*.local|169.254/16|*.169.254/16"/>
  </properties>
  <testcase name="contextLoads" classname="com.zcl.healthcare.HealthCareApplicationTests" time="0.29"/>
</testsuite>